{
  message: 'Database connected Successfully',
  level: 'info',
  label: 'Success',
  timestamp: '2024-03-02T20:03:04.985Z'
}
{
  message: 'Application listening on port 5000',
  level: 'info',
  label: 'Success',
  timestamp: '2024-03-02T20:03:04.989Z'
}
{
  message: 'Database connected Successfully',
  level: 'info',
  label: 'Success',
  timestamp: '2024-03-02T20:06:14.122Z'
}
{
  message: 'Application listening on port 5000',
  level: 'info',
  label: 'Success',
  timestamp: '2024-03-02T20:06:14.126Z'
}
{
  message: 'Database connected Successfully',
  level: 'info',
  label: 'Success',
  timestamp: '2024-03-02T20:06:57.824Z'
}
{
  message: 'Application listening on port 5000',
  level: 'info',
  label: 'Success',
  timestamp: '2024-03-02T20:06:57.829Z'
}
{
  message: 'Database connected Successfully',
  level: 'info',
  label: 'Success',
  timestamp: '2024-03-02T20:07:24.296Z'
}
{
  message: 'Application listening on port 5000',
  level: 'info',
  label: 'Success',
  timestamp: '2024-03-02T20:07:24.299Z'
}
{
  message: 'Database connected Successfully',
  level: 'info',
  label: 'Success',
  timestamp: '2024-03-02T20:07:49.046Z'
}
{
  message: 'Application listening on port 5000',
  level: 'info',
  label: 'Success',
  timestamp: '2024-03-02T20:07:49.049Z'
}
{
  message: 'Database connected Successfully',
  level: 'info',
  label: 'Success',
  timestamp: '2024-03-02T20:07:51.901Z'
}
{
  message: 'Application listening on port 5000',
  level: 'info',
  label: 'Success',
  timestamp: '2024-03-02T20:07:51.904Z'
}
{
  message: 'Database connected Successfully',
  level: 'info',
  label: 'Success',
  timestamp: '2024-03-02T20:09:26.578Z'
}
{
  message: 'Application listening on port 5000',
  level: 'info',
  label: 'Success',
  timestamp: '2024-03-02T20:09:26.582Z'
}
{
  message: 'Database connected Successfully',
  level: 'info',
  label: 'Success',
  timestamp: '2024-03-02T20:11:02.160Z'
}
{
  message: 'Application listening on port 5000',
  level: 'info',
  label: 'Success',
  timestamp: '2024-03-02T20:11:02.163Z'
}
{
  message: 'Database connected Successfully',
  level: 'info',
  label: 'Success',
  timestamp: '2024-03-02T20:11:16.794Z'
}
{
  message: 'Application listening on port 5000',
  level: 'info',
  label: 'Success',
  timestamp: '2024-03-02T20:11:16.799Z'
}
{
  message: 'Database connected Successfully',
  level: 'info',
  label: 'Success',
  timestamp: '2024-03-02T20:11:50.913Z'
}
{
  message: 'Application listening on port 5000',
  level: 'info',
  label: 'Success',
  timestamp: '2024-03-02T20:11:50.916Z'
}
{
  message: 'Database connected Successfully',
  level: 'info',
  label: 'Success',
  timestamp: '2024-03-02T20:13:29.767Z'
}
{
  message: 'Application listening on port 5000',
  level: 'info',
  label: 'Success',
  timestamp: '2024-03-02T20:13:29.771Z'
}
{
  message: 'Database connected Successfully',
  level: 'info',
  label: 'Success',
  timestamp: '2024-03-02T20:13:46.507Z'
}
{
  message: 'Application listening on port 5000',
  level: 'info',
  label: 'Success',
  timestamp: '2024-03-02T20:13:46.511Z'
}
{
  message: 'Database connected Successfully',
  level: 'info',
  label: 'Success',
  timestamp: '2024-03-02T20:14:27.027Z'
}
{
  message: 'Application listening on port 5000',
  level: 'info',
  label: 'Success',
  timestamp: '2024-03-02T20:14:27.030Z'
}
{
  message: 'Database connected Successfully',
  level: 'info',
  label: 'Success',
  timestamp: '2024-03-02T20:14:30.658Z'
}
{
  message: 'Application listening on port 5000',
  level: 'info',
  label: 'Success',
  timestamp: '2024-03-02T20:14:30.662Z'
}
{
  message: 'Database connected Successfully',
  level: 'info',
  label: 'Success',
  timestamp: '2024-03-02T20:14:47.507Z'
}
{
  message: 'Application listening on port 5000',
  level: 'info',
  label: 'Success',
  timestamp: '2024-03-02T20:14:47.511Z'
}
{
  message: 'Database connected Successfully',
  level: 'info',
  label: 'Success',
  timestamp: '2024-03-02T20:14:50.295Z'
}
{
  message: 'Application listening on port 5000',
  level: 'info',
  label: 'Success',
  timestamp: '2024-03-02T20:14:50.299Z'
}
{
  message: 'Database connected Successfully',
  level: 'info',
  label: 'Success',
  timestamp: '2024-03-02T20:14:56.832Z'
}
{
  message: 'Application listening on port 5000',
  level: 'info',
  label: 'Success',
  timestamp: '2024-03-02T20:14:56.840Z'
}
{
  message: 'Database connected Successfully',
  level: 'info',
  label: 'Success',
  timestamp: '2024-03-02T20:15:05.290Z'
}
{
  message: 'Application listening on port 5000',
  level: 'info',
  label: 'Success',
  timestamp: '2024-03-02T20:15:05.294Z'
}
{
  message: 'Database connected Successfully',
  level: 'info',
  label: 'Success',
  timestamp: '2024-03-02T20:15:21.502Z'
}
{
  message: 'Application listening on port 5000',
  level: 'info',
  label: 'Success',
  timestamp: '2024-03-02T20:15:21.505Z'
}
{
  message: 'Database connected Successfully',
  level: 'info',
  label: 'Success',
  timestamp: '2024-03-02T20:15:23.699Z'
}
{
  message: 'Application listening on port 5000',
  level: 'info',
  label: 'Success',
  timestamp: '2024-03-02T20:15:23.703Z'
}
{
  message: 'Database connected Successfully',
  level: 'info',
  label: 'Success',
  timestamp: '2024-03-02T20:15:27.438Z'
}
{
  message: 'Application listening on port 5000',
  level: 'info',
  label: 'Success',
  timestamp: '2024-03-02T20:15:27.444Z'
}
{
  message: 'Database connected Successfully',
  level: 'info',
  label: 'Success',
  timestamp: '2024-03-02T20:16:16.549Z'
}
{
  message: 'Application listening on port 5000',
  level: 'info',
  label: 'Success',
  timestamp: '2024-03-02T20:16:16.552Z'
}
{
  message: 'Database connected Successfully',
  level: 'info',
  label: 'Success',
  timestamp: '2024-03-02T20:16:32.079Z'
}
{
  message: 'Application listening on port 5000',
  level: 'info',
  label: 'Success',
  timestamp: '2024-03-02T20:16:32.082Z'
}
{
  message: 'Database connected Successfully',
  level: 'info',
  label: 'Success',
  timestamp: '2024-03-02T20:16:36.104Z'
}
{
  message: 'Application listening on port 5000',
  level: 'info',
  label: 'Success',
  timestamp: '2024-03-02T20:16:36.107Z'
}
{
  message: 'Database connected Successfully',
  level: 'info',
  label: 'Success',
  timestamp: '2024-03-02T20:16:51.510Z'
}
{
  message: 'Application listening on port 5000',
  level: 'info',
  label: 'Success',
  timestamp: '2024-03-02T20:16:51.514Z'
}
{
  message: 'Database connected Successfully',
  level: 'info',
  label: 'Success',
  timestamp: '2024-03-02T20:16:58.160Z'
}
{
  message: 'Application listening on port 5000',
  level: 'info',
  label: 'Success',
  timestamp: '2024-03-02T20:16:58.163Z'
}
{
  message: 'Application listening on port 5000',
  level: 'info',
  label: 'Success',
  timestamp: '2024-03-02T20:17:05.453Z'
}
{
  message: 'Database connected Successfully',
  level: 'info',
  label: 'Success',
  timestamp: '2024-03-02T20:17:16.641Z'
}
{
  message: 'Application listening on port 5000',
  level: 'info',
  label: 'Success',
  timestamp: '2024-03-02T20:17:16.645Z'
}
{
  message: 'Database connected Successfully',
  level: 'info',
  label: 'Success',
  timestamp: '2024-03-02T20:19:04.274Z'
}
{
  message: 'Application listening on port 5000',
  level: 'info',
  label: 'Success',
  timestamp: '2024-03-02T20:19:04.279Z'
}
Sun Mar 03 2024 2:19:21 [Success] info: Database connected Successfully
Sun Mar 03 2024 2:19:21 [Success] info: Application listening on port 5000
Sun Mar 03 2024 2:19:41 [Success] info: Database connected Successfully
Sun Mar 03 2024 2:19:41 [Success] info: Application listening on port 5000
Sun Mar 03 2024 2:20:9 [Success] info: Database connected Successfully
Sun Mar 03 2024 2:20:9 [Success] info: Application listening on port 5000
Sun Mar 03 2024 2:20:17 [Success] info: Database connected Successfully
Sun Mar 03 2024 2:20:17 [Success] info: Application listening on port 5000
{
  message: 'Database connected Successfully',
  level: 'info',
  label: 'Success',
  timestamp: '2024-03-02T20:20:28.718Z'
}
{
  message: 'Application listening on port 5000',
  level: 'info',
  label: 'Success',
  timestamp: '2024-03-02T20:20:28.721Z'
}
{
  message: 'Database connected Successfully',
  level: 'info',
  label: 'Success',
  timestamp: '2024-03-02T20:20:36.048Z'
}
{
  message: 'Application listening on port 5000',
  level: 'info',
  label: 'Success',
  timestamp: '2024-03-02T20:20:36.052Z'
}
{
  message: 'Database connected Successfully',
  level: 'info',
  label: 'Success',
  timestamp: '2024-03-02T20:20:53.909Z'
}
{
  message: 'Application listening on port 5000',
  level: 'info',
  label: 'Success',
  timestamp: '2024-03-02T20:20:53.916Z'
}
Sun Mar 03 2024 2:21:6 [Success] info: Database connected Successfully
Sun Mar 03 2024 2:21:6 [Success] info: Application listening on port 5000
Sun Mar 03 2024 2:21:17 [Success] info: Database connected Successfully
Sun Mar 03 2024 2:21:17 [Success] info: Application listening on port 5000
Sun Mar 03 2024 2:22:36 [Success] info: Database connected Successfully
Sun Mar 03 2024 2:22:36 [Success] info: Application listening on port 5000
Sun Mar 03 2024 2:22:44 [Success] info: Database connected Successfully
Sun Mar 03 2024 2:22:44 [Success] info: Application listening on port 5000
Sun Mar 03 2024 2:22:51 [Success] info: Database connected Successfully
Sun Mar 03 2024 2:22:51 [Success] info: Application listening on port 5000
Sun Mar 03 2024 2:23:0 [Success] info: Database connected Successfully
Sun Mar 03 2024 2:23:0 [Success] info: Application listening on port 5000
Sun Mar 03 2024 2:37:18 [Success] info: Database connected Successfully
Sun Mar 03 2024 2:37:18 [Success] info: Application listening on port 5000
Sun Mar 03 2024 2:37:50 [Success] info: Database connected Successfully
Sun Mar 03 2024 2:37:50 [Success] info: Application listening on port 5000
Sun Mar 03 2024 2:37:55 [Success] info: Database connected Successfully
Sun Mar 03 2024 2:37:55 [Success] info: Application listening on port 5000
Sun Mar 03 2024 2:42:39 [Success] info: Database connected Successfully
Sun Mar 03 2024 2:42:39 [Success] info: Application listening on port 5000
Sun Mar 03 2024 2:46:22 [Success] info: Database connected Successfully
Sun Mar 03 2024 2:46:22 [Success] info: Application listening on port 5000
Sun Mar 03 2024 2:47:22 [Success] info: Database connected Successfully
Sun Mar 03 2024 2:47:22 [Success] info: Application listening on port 5000
Sun Mar 03 2024 2:47:33 [Success] info: Database connected Successfully
Sun Mar 03 2024 2:47:33 [Success] info: Application listening on port 5000
Sun Mar 03 2024 2:47:49 [Success] info: Database connected Successfully
Sun Mar 03 2024 2:47:49 [Success] info: Application listening on port 5000
Sun Mar 03 2024 2:48:45 [Success] info: Database connected Successfully
Sun Mar 03 2024 2:48:45 [Success] info: Application listening on port 5000
Sun Mar 03 2024 2:49:4 [Success] info: Database connected Successfully
Sun Mar 03 2024 2:49:4 [Success] info: Application listening on port 5000
Sun Mar 03 2024 2:49:33 [Success] info: Database connected Successfully
Sun Mar 03 2024 2:49:33 [Success] info: Application listening on port 5000
Sun Mar 03 2024 2:53:59 [Success] info: Database connected Successfully
Sun Mar 03 2024 2:53:59 [Success] info: Application listening on port 5000
Sun Mar 03 2024 2:54:24 [Success] info: Database connected Successfully
Sun Mar 03 2024 2:54:24 [Success] info: Application listening on port 5000
Sun Mar 03 2024 2:56:27 [Success] info: Database connected Successfully
Sun Mar 03 2024 2:56:27 [Success] info: Application listening on port 5000
Sun Mar 03 2024 2:58:47 [Success] info: Database connected Successfully
Sun Mar 03 2024 2:58:47 [Success] info: Application listening on port 5000
