{
  message: 'Database connected Successfully',
  level: 'info',
  label: 'Success',
  timestamp: '2024-03-02T19:28:10.535Z'
}
{
  message: 'Application listening on port 5000',
  level: 'info',
  label: 'Success',
  timestamp: '2024-03-02T19:28:10.539Z'
}
{
  message: 'Database connected Successfully',
  level: 'info',
  label: 'Success',
  timestamp: '2024-03-02T19:28:33.017Z'
}
{
  message: 'Application listening on port 5000',
  level: 'info',
  label: 'Success',
  timestamp: '2024-03-02T19:28:33.021Z'
}
{
  message: 'Database connected Successfully',
  level: 'info',
  label: 'Success',
  timestamp: '2024-03-02T19:32:13.770Z'
}
{
  message: 'Application listening on port 5000',
  level: 'info',
  label: 'Success',
  timestamp: '2024-03-02T19:32:13.774Z'
}
{
  message: 'Database connected Successfully',
  level: 'info',
  label: 'Success',
  timestamp: '2024-03-02T19:33:06.003Z'
}
{
  message: 'Application listening on port 5000',
  level: 'info',
  label: 'Success',
  timestamp: '2024-03-02T19:33:06.006Z'
}
{
  message: 'Database connected Successfully',
  level: 'info',
  label: 'Success',
  timestamp: '2024-03-02T19:33:26.229Z'
}
{
  message: 'Application listening on port 5000',
  level: 'info',
  label: 'Success',
  timestamp: '2024-03-02T19:33:26.233Z'
}
{
  message: 'Database connected Successfully',
  level: 'info',
  label: 'Success',
  timestamp: '2024-03-02T19:33:39.330Z'
}
{
  message: 'Application listening on port 5000',
  level: 'info',
  label: 'Success',
  timestamp: '2024-03-02T19:33:39.335Z'
}
{
  message: 'Database connected Successfully',
  level: 'info',
  label: 'Success',
  timestamp: '2024-03-02T19:34:40.584Z'
}
{
  message: 'Application listening on port 5000',
  level: 'info',
  label: 'Success',
  timestamp: '2024-03-02T19:34:40.587Z'
}
{
  message: 'Database connected Successfully',
  level: 'info',
  label: 'Success',
  timestamp: '2024-03-02T19:34:48.496Z'
}
{
  message: 'Application listening on port 5000',
  level: 'info',
  label: 'Success',
  timestamp: '2024-03-02T19:34:48.500Z'
}
{
  message: 'Database connected Successfully',
  level: 'info',
  label: 'Success',
  timestamp: '2024-03-02T19:36:15.572Z'
}
{
  message: 'Application listening on port 5000',
  level: 'info',
  label: 'Success',
  timestamp: '2024-03-02T19:36:15.576Z'
}
{
  message: 'Database connected Successfully',
  level: 'info',
  label: 'Success',
  timestamp: '2024-03-02T19:37:07.366Z'
}
{
  message: 'Application listening on port 5000',
  level: 'info',
  label: 'Success',
  timestamp: '2024-03-02T19:37:07.370Z'
}
{
  message: 'Database connected Successfully',
  level: 'info',
  label: 'Success',
  timestamp: '2024-03-02T19:37:26.920Z'
}
{
  message: 'Application listening on port 5000',
  level: 'info',
  label: 'Success',
  timestamp: '2024-03-02T19:37:26.923Z'
}
{
  message: 'Database connected Successfully',
  level: 'info',
  label: 'Success',
  timestamp: '2024-03-02T19:37:52.914Z'
}
{
  message: 'Application listening on port 5000',
  level: 'info',
  label: 'Success',
  timestamp: '2024-03-02T19:37:52.917Z'
}
{
  message: 'Database connected Successfully',
  level: 'info',
  label: 'Success',
  timestamp: '2024-03-02T19:37:58.902Z'
}
{
  message: 'Application listening on port 5000',
  level: 'info',
  label: 'Success',
  timestamp: '2024-03-02T19:37:58.905Z'
}
{
  message: 'Database connected Successfully',
  level: 'info',
  label: 'Success',
  timestamp: '2024-03-02T19:41:19.561Z'
}
{
  message: 'Application listening on port 5000',
  level: 'info',
  label: 'Success',
  timestamp: '2024-03-02T19:41:19.564Z'
}
{
  message: 'Database connected Successfully',
  level: 'info',
  label: 'Success',
  timestamp: '2024-03-02T19:41:32.203Z'
}
{
  message: 'Application listening on port 5000',
  level: 'info',
  label: 'Success',
  timestamp: '2024-03-02T19:41:32.206Z'
}
{
  message: 'Database connected Successfully',
  level: 'info',
  label: 'Success',
  timestamp: '2024-03-02T19:42:23.740Z'
}
{
  message: 'Application listening on port 5000',
  level: 'info',
  label: 'Success',
  timestamp: '2024-03-02T19:42:23.745Z'
}
{
  message: 'Database connected Successfully',
  level: 'info',
  label: 'Success',
  timestamp: '2024-03-02T19:42:43.648Z'
}
{
  message: 'Application listening on port 5000',
  level: 'info',
  label: 'Success',
  timestamp: '2024-03-02T19:42:43.651Z'
}
{
  message: 'Database connected Successfully',
  level: 'info',
  label: 'Success',
  timestamp: '2024-03-02T19:45:18.578Z'
}
{
  message: 'Application listening on port 5000',
  level: 'info',
  label: 'Success',
  timestamp: '2024-03-02T19:45:18.582Z'
}
{
  message: 'Database connected Successfully',
  level: 'info',
  label: 'Success',
  timestamp: '2024-03-02T19:45:28.009Z'
}
{
  message: 'Application listening on port 5000',
  level: 'info',
  label: 'Success',
  timestamp: '2024-03-02T19:45:28.012Z'
}
{
  message: 'Database connected Successfully',
  level: 'info',
  label: 'Success',
  timestamp: '2024-03-02T19:45:42.598Z'
}
{
  message: 'Application listening on port 5000',
  level: 'info',
  label: 'Success',
  timestamp: '2024-03-02T19:45:42.603Z'
}
{
  message: 'Database connected Successfully',
  level: 'info',
  label: 'Success',
  timestamp: '2024-03-02T19:45:52.256Z'
}
{
  message: 'Application listening on port 5000',
  level: 'info',
  label: 'Success',
  timestamp: '2024-03-02T19:45:52.261Z'
}
{
  message: 'Database connected Successfully',
  level: 'info',
  label: 'Success',
  timestamp: '2024-03-02T19:46:05.663Z'
}
{
  message: 'Application listening on port 5000',
  level: 'info',
  label: 'Success',
  timestamp: '2024-03-02T19:46:05.666Z'
}
{
  message: 'Database connected Successfully',
  level: 'info',
  label: 'Success',
  timestamp: '2024-03-02T19:46:29.482Z'
}
{
  message: 'Application listening on port 5000',
  level: 'info',
  label: 'Success',
  timestamp: '2024-03-02T19:46:29.485Z'
}
{
  message: 'Database connected Successfully',
  level: 'info',
  label: 'Success',
  timestamp: '2024-03-02T19:46:33.342Z'
}
{
  message: 'Application listening on port 5000',
  level: 'info',
  label: 'Success',
  timestamp: '2024-03-02T19:46:33.346Z'
}
{
  message: 'Database connected Successfully',
  level: 'info',
  label: 'Success',
  timestamp: '2024-03-02T19:47:51.659Z'
}
{
  message: 'Application listening on port 5000',
  level: 'info',
  label: 'Success',
  timestamp: '2024-03-02T19:47:51.663Z'
}
{
  message: 'Database connected Successfully',
  level: 'info',
  label: 'Success',
  timestamp: '2024-03-02T19:51:28.212Z'
}
{
  message: 'Application listening on port 5000',
  level: 'info',
  label: 'Success',
  timestamp: '2024-03-02T19:51:28.220Z'
}
{
  message: 'Database connected Successfully',
  level: 'info',
  label: 'Success',
  timestamp: '2024-03-02T19:51:59.962Z'
}
{
  message: 'Application listening on port 5000',
  level: 'info',
  label: 'Success',
  timestamp: '2024-03-02T19:51:59.965Z'
}
{
  message: 'Database connected Successfully',
  level: 'info',
  label: 'Success',
  timestamp: '2024-03-02T19:52:38.236Z'
}
{
  message: 'Application listening on port 5000',
  level: 'info',
  label: 'Success',
  timestamp: '2024-03-02T19:52:38.239Z'
}
{
  message: 'Database connected Successfully',
  level: 'info',
  label: 'Success',
  timestamp: '2024-03-02T19:52:56.920Z'
}
{
  message: 'Application listening on port 5000',
  level: 'info',
  label: 'Success',
  timestamp: '2024-03-02T19:52:56.923Z'
}
{
  message: 'Database connected Successfully',
  level: 'info',
  label: 'Success',
  timestamp: '2024-03-02T19:53:13.912Z'
}
{
  message: 'Application listening on port 5000',
  level: 'info',
  label: 'Success',
  timestamp: '2024-03-02T19:53:13.915Z'
}
