{
  message: 'Database connected Successfully',
  level: 'info',
  label: 'Success',
  timestamp: '2024-02-28T19:32:17.674Z'
}
{
  message: 'Application listening on port 5000',
  level: 'info',
  label: 'Success',
  timestamp: '2024-02-28T19:32:17.680Z'
}
{
  message: 'Database connected Successfully',
  level: 'info',
  label: 'Success',
  timestamp: '2024-02-28T19:33:43.138Z'
}
{
  message: 'Application listening on port 5000',
  level: 'info',
  label: 'Success',
  timestamp: '2024-02-28T19:33:43.142Z'
}
{
  message: 'Database connected Successfully',
  level: 'info',
  label: 'Success',
  timestamp: '2024-02-28T19:33:45.645Z'
}
{
  message: 'Application listening on port 5000',
  level: 'info',
  label: 'Success',
  timestamp: '2024-02-28T19:33:45.649Z'
}
{
  message: 'Database connected Successfully',
  level: 'info',
  label: 'Success',
  timestamp: '2024-02-28T19:33:49.952Z'
}
{
  message: 'Application listening on port 5000',
  level: 'info',
  label: 'Success',
  timestamp: '2024-02-28T19:33:49.955Z'
}
{
  message: 'Database connected Successfully',
  level: 'info',
  label: 'Success',
  timestamp: '2024-02-28T19:35:24.755Z'
}
{
  message: 'Application listening on port 5000',
  level: 'info',
  label: 'Success',
  timestamp: '2024-02-28T19:35:24.758Z'
}
{
  message: 'Database connected Successfully',
  level: 'info',
  label: 'Success',
  timestamp: '2024-02-28T19:35:35.865Z'
}
{
  message: 'Application listening on port 5000',
  level: 'info',
  label: 'Success',
  timestamp: '2024-02-28T19:35:35.869Z'
}
{
  message: 'Database connected Successfully',
  level: 'info',
  label: 'Success',
  timestamp: '2024-02-28T19:35:42.771Z'
}
{
  message: 'Application listening on port 5000',
  level: 'info',
  label: 'Success',
  timestamp: '2024-02-28T19:35:42.775Z'
}
{
  message: 'Database connected Successfully',
  level: 'info',
  label: 'Success',
  timestamp: '2024-02-28T19:37:35.371Z'
}
{
  message: 'Application listening on port 5000',
  level: 'info',
  label: 'Success',
  timestamp: '2024-02-28T19:37:35.375Z'
}
{
  message: 'Database connected Successfully',
  level: 'info',
  label: 'Success',
  timestamp: '2024-02-28T19:38:18.438Z'
}
{
  message: 'Application listening on port 5000',
  level: 'info',
  label: 'Success',
  timestamp: '2024-02-28T19:38:18.443Z'
}
{
  message: 'Database connected Successfully',
  level: 'info',
  label: 'Success',
  timestamp: '2024-02-28T19:39:14.756Z'
}
{
  message: 'Application listening on port 5000',
  level: 'info',
  label: 'Success',
  timestamp: '2024-02-28T19:39:14.760Z'
}
{
  message: 'Database connected Successfully',
  level: 'info',
  label: 'Success',
  timestamp: '2024-02-28T19:41:57.192Z'
}
{
  message: 'Application listening on port 5000',
  level: 'info',
  label: 'Success',
  timestamp: '2024-02-28T19:41:57.196Z'
}
{
  message: 'Database connected Successfully',
  level: 'info',
  label: 'Success',
  timestamp: '2024-02-28T19:43:23.274Z'
}
{
  message: 'Application listening on port 5000',
  level: 'info',
  label: 'Success',
  timestamp: '2024-02-28T19:43:23.279Z'
}
{
  message: 'Database connected Successfully',
  level: 'info',
  label: 'Success',
  timestamp: '2024-02-28T19:43:39.032Z'
}
{
  message: 'Application listening on port 5000',
  level: 'info',
  label: 'Success',
  timestamp: '2024-02-28T19:43:39.035Z'
}
{
  message: 'Database connected Successfully',
  level: 'info',
  label: 'Success',
  timestamp: '2024-02-28T19:43:51.182Z'
}
{
  message: 'Application listening on port 5000',
  level: 'info',
  label: 'Success',
  timestamp: '2024-02-28T19:43:51.185Z'
}
{
  message: 'Database connected Successfully',
  level: 'info',
  label: 'Success',
  timestamp: '2024-02-28T19:47:45.749Z'
}
{
  message: 'Application listening on port 5000',
  level: 'info',
  label: 'Success',
  timestamp: '2024-02-28T19:47:45.752Z'
}
{
  message: 'Database connected Successfully',
  level: 'info',
  label: 'Success',
  timestamp: '2024-02-28T19:47:52.871Z'
}
{
  message: 'Application listening on port 5000',
  level: 'info',
  label: 'Success',
  timestamp: '2024-02-28T19:47:52.877Z'
}
{
  message: 'Database connected Successfully',
  level: 'info',
  label: 'Success',
  timestamp: '2024-02-28T19:48:03.760Z'
}
{
  message: 'Application listening on port 5000',
  level: 'info',
  label: 'Success',
  timestamp: '2024-02-28T19:48:03.766Z'
}
{
  message: 'Database connected Successfully',
  level: 'info',
  label: 'Success',
  timestamp: '2024-02-28T19:53:00.383Z'
}
{
  message: 'Application listening on port 5000',
  level: 'info',
  label: 'Success',
  timestamp: '2024-02-28T19:53:00.387Z'
}
{
  message: 'Database connected Successfully',
  level: 'info',
  label: 'Success',
  timestamp: '2024-02-28T19:53:08.982Z'
}
{
  message: 'Application listening on port 5000',
  level: 'info',
  label: 'Success',
  timestamp: '2024-02-28T19:53:08.989Z'
}
{
  message: 'Database connected Successfully',
  level: 'info',
  label: 'Success',
  timestamp: '2024-02-28T19:53:18.278Z'
}
{
  message: 'Application listening on port 5000',
  level: 'info',
  label: 'Success',
  timestamp: '2024-02-28T19:53:18.282Z'
}
{
  message: 'Database connected Successfully',
  level: 'info',
  label: 'Success',
  timestamp: '2024-02-28T19:53:21.606Z'
}
{
  message: 'Application listening on port 5000',
  level: 'info',
  label: 'Success',
  timestamp: '2024-02-28T19:53:21.609Z'
}
{
  message: 'Database connected Successfully',
  level: 'info',
  label: 'Success',
  timestamp: '2024-02-28T19:53:24.844Z'
}
{
  message: 'Application listening on port 5000',
  level: 'info',
  label: 'Success',
  timestamp: '2024-02-28T19:53:24.849Z'
}
{
  message: 'Database connected Successfully',
  level: 'info',
  label: 'Success',
  timestamp: '2024-02-28T19:53:53.435Z'
}
{
  message: 'Application listening on port 5000',
  level: 'info',
  label: 'Success',
  timestamp: '2024-02-28T19:53:53.441Z'
}
