
Wed Feb 28 2024 6:42:47 [Success] info: Database connected Successfully
Wed Feb 28 2024 6:42:47 [Success] info: Application listening on port 5000
{
  message: 'Database connected Successfully',
  level: 'info',
  label: 'Success',
  timestamp: '2024-02-28T00:44:10.285Z'
}
{
  message: 'Application listening on port 5000',
  level: 'info',
  label: 'Success',
  timestamp: '2024-02-28T00:44:10.289Z'
}
{
  message: 'Database connected Successfully',
  level: 'info',
  label: 'Success',
  timestamp: '2024-02-28T00:44:21.339Z'
}
{
  message: 'Application listening on port 5000',
  level: 'info',
  label: 'Success',
  timestamp: '2024-02-28T00:44:21.349Z'
}
